{"/home/siddharthkamble/Code/js/vitest-example/src/sum.ts": {"path":"/home/siddharthkamble/Code/js/vitest-example/src/sum.ts","all":false,"statementMap":{"0":{"start":{"line":1,"column":0},"end":{"line":1,"column":51}},"1":{"start":{"line":2,"column":0},"end":{"line":2,"column":61}},"2":{"start":{"line":3,"column":0},"end":{"line":3,"column":1}}},"s":{"0":1,"1":1,"2":1},"branchMap":{"0":{"type":"branch","line":2,"loc":{"start":{"line":2,"column":25},"end":{"line":2,"column":59}},"locations":[{"start":{"line":2,"column":25},"end":{"line":2,"column":59}}]}},"b":{"0":[4]},"fnMap":{},"f":{}}
}
